[2020-02-15 23:00:55.234] [renderer1] [error] TreeError [MarkersView] Tree element not found: [object Object]: Error: TreeError [MarkersView] Tree element not found: [object Object]
    at t.ObjectTreeModel.getElementLocation (file:///snap/code/25/usr/share/code/resources/app/out/vs/workbench/workbench.desktop.main.js:135:14)
    at t.ObjectTreeModel.isCollapsed (file:///snap/code/25/usr/share/code/resources/app/out/vs/workbench/workbench.desktop.main.js:134:122)
    at H.isCollapsed (file:///snap/code/25/usr/share/code/resources/app/out/vs/workbench/workbench.desktop.main.js:1070:430)
    at K.autoReveal (file:///snap/code/25/usr/share/code/resources/app/out/vs/workbench/workbench.desktop.main.js:6311:830)
    at K.onActiveEditorChanged (file:///snap/code/25/usr/share/code/resources/app/out/vs/workbench/workbench.desktop.main.js:6308:1005)
    at file:///snap/code/25/usr/share/code/resources/app/out/vs/workbench/workbench.desktop.main.js:6307:862
    at file:///snap/code/25/usr/share/code/resources/app/out/vs/workbench/workbench.desktop.main.js:113:203
    at c.fire (file:///snap/code/25/usr/share/code/resources/app/out/vs/workbench/workbench.desktop.main.js:116:845)
    at e.doHandleActiveEditorChangeEvent (file:///snap/code/25/usr/share/code/resources/app/out/vs/workbench/workbench.desktop.main.js:5780:290)
    at e.handleActiveEditorChange (file:///snap/code/25/usr/share/code/resources/app/out/vs/workbench/workbench.desktop.main.js:5780:88)
    at file:///snap/code/25/usr/share/code/resources/app/out/vs/workbench/workbench.desktop.main.js:5780:400
    at c.fire (file:///snap/code/25/usr/share/code/resources/app/out/vs/workbench/workbench.desktop.main.js:116:845)
    at file:///snap/code/25/usr/share/code/resources/app/out/vs/workbench/workbench.desktop.main.js:5938:990
    at async e.openEditor (file:///snap/code/25/usr/share/code/resources/app/out/vs/workbench/workbench.desktop.main.js:5937:800)
[2020-02-15 23:01:19.497] [renderer1] [error] TreeError [MarkersView] Tree element not found: [object Object]: Error: TreeError [MarkersView] Tree element not found: [object Object]
    at t.ObjectTreeModel.getElementLocation (file:///snap/code/25/usr/share/code/resources/app/out/vs/workbench/workbench.desktop.main.js:135:14)
    at t.ObjectTreeModel.isCollapsed (file:///snap/code/25/usr/share/code/resources/app/out/vs/workbench/workbench.desktop.main.js:134:122)
    at H.isCollapsed (file:///snap/code/25/usr/share/code/resources/app/out/vs/workbench/workbench.desktop.main.js:1070:430)
    at K.autoReveal (file:///snap/code/25/usr/share/code/resources/app/out/vs/workbench/workbench.desktop.main.js:6311:830)
    at K.onActiveEditorChanged (file:///snap/code/25/usr/share/code/resources/app/out/vs/workbench/workbench.desktop.main.js:6308:1005)
    at file:///snap/code/25/usr/share/code/resources/app/out/vs/workbench/workbench.desktop.main.js:6307:862
    at file:///snap/code/25/usr/share/code/resources/app/out/vs/workbench/workbench.desktop.main.js:113:203
    at c.fire (file:///snap/code/25/usr/share/code/resources/app/out/vs/workbench/workbench.desktop.main.js:116:845)
    at e.doHandleActiveEditorChangeEvent (file:///snap/code/25/usr/share/code/resources/app/out/vs/workbench/workbench.desktop.main.js:5780:290)
    at e.handleActiveEditorChange (file:///snap/code/25/usr/share/code/resources/app/out/vs/workbench/workbench.desktop.main.js:5780:88)
    at file:///snap/code/25/usr/share/code/resources/app/out/vs/workbench/workbench.desktop.main.js:5780:400
    at c.fire (file:///snap/code/25/usr/share/code/resources/app/out/vs/workbench/workbench.desktop.main.js:116:845)
    at file:///snap/code/25/usr/share/code/resources/app/out/vs/workbench/workbench.desktop.main.js:5938:990
    at async e.openEditor (file:///snap/code/25/usr/share/code/resources/app/out/vs/workbench/workbench.desktop.main.js:5937:800)
[2020-02-15 23:05:41.032] [renderer1] [error] TreeError [MarkersView] Tree element not found: [object Object]: Error: TreeError [MarkersView] Tree element not found: [object Object]
    at t.ObjectTreeModel.getElementLocation (file:///snap/code/25/usr/share/code/resources/app/out/vs/workbench/workbench.desktop.main.js:135:14)
    at t.ObjectTreeModel.isCollapsed (file:///snap/code/25/usr/share/code/resources/app/out/vs/workbench/workbench.desktop.main.js:134:122)
    at H.isCollapsed (file:///snap/code/25/usr/share/code/resources/app/out/vs/workbench/workbench.desktop.main.js:1070:430)
    at K.autoReveal (file:///snap/code/25/usr/share/code/resources/app/out/vs/workbench/workbench.desktop.main.js:6311:830)
    at K.onActiveEditorChanged (file:///snap/code/25/usr/share/code/resources/app/out/vs/workbench/workbench.desktop.main.js:6308:1005)
    at file:///snap/code/25/usr/share/code/resources/app/out/vs/workbench/workbench.desktop.main.js:6307:862
    at file:///snap/code/25/usr/share/code/resources/app/out/vs/workbench/workbench.desktop.main.js:113:203
    at c.fire (file:///snap/code/25/usr/share/code/resources/app/out/vs/workbench/workbench.desktop.main.js:116:845)
    at e.doHandleActiveEditorChangeEvent (file:///snap/code/25/usr/share/code/resources/app/out/vs/workbench/workbench.desktop.main.js:5780:290)
    at e.handleActiveEditorChange (file:///snap/code/25/usr/share/code/resources/app/out/vs/workbench/workbench.desktop.main.js:5780:88)
    at file:///snap/code/25/usr/share/code/resources/app/out/vs/workbench/workbench.desktop.main.js:5780:400
    at c.fire (file:///snap/code/25/usr/share/code/resources/app/out/vs/workbench/workbench.desktop.main.js:116:845)
    at file:///snap/code/25/usr/share/code/resources/app/out/vs/workbench/workbench.desktop.main.js:5938:990
    at async e.openEditor (file:///snap/code/25/usr/share/code/resources/app/out/vs/workbench/workbench.desktop.main.js:5937:800)
[2020-02-15 23:05:57.915] [renderer1] [error] TreeError [MarkersView] Tree element not found: [object Object]: Error: TreeError [MarkersView] Tree element not found: [object Object]
    at t.ObjectTreeModel.getElementLocation (file:///snap/code/25/usr/share/code/resources/app/out/vs/workbench/workbench.desktop.main.js:135:14)
    at t.ObjectTreeModel.isCollapsed (file:///snap/code/25/usr/share/code/resources/app/out/vs/workbench/workbench.desktop.main.js:134:122)
    at H.isCollapsed (file:///snap/code/25/usr/share/code/resources/app/out/vs/workbench/workbench.desktop.main.js:1070:430)
    at K.autoReveal (file:///snap/code/25/usr/share/code/resources/app/out/vs/workbench/workbench.desktop.main.js:6311:830)
    at K.onActiveEditorChanged (file:///snap/code/25/usr/share/code/resources/app/out/vs/workbench/workbench.desktop.main.js:6308:1005)
    at file:///snap/code/25/usr/share/code/resources/app/out/vs/workbench/workbench.desktop.main.js:6307:862
    at file:///snap/code/25/usr/share/code/resources/app/out/vs/workbench/workbench.desktop.main.js:113:203
    at c.fire (file:///snap/code/25/usr/share/code/resources/app/out/vs/workbench/workbench.desktop.main.js:116:845)
    at e.doHandleActiveEditorChangeEvent (file:///snap/code/25/usr/share/code/resources/app/out/vs/workbench/workbench.desktop.main.js:5780:290)
    at e.handleActiveEditorChange (file:///snap/code/25/usr/share/code/resources/app/out/vs/workbench/workbench.desktop.main.js:5780:88)
    at file:///snap/code/25/usr/share/code/resources/app/out/vs/workbench/workbench.desktop.main.js:5780:400
    at c.fire (file:///snap/code/25/usr/share/code/resources/app/out/vs/workbench/workbench.desktop.main.js:116:845)
    at file:///snap/code/25/usr/share/code/resources/app/out/vs/workbench/workbench.desktop.main.js:5938:990
    at async e.openEditor (file:///snap/code/25/usr/share/code/resources/app/out/vs/workbench/workbench.desktop.main.js:5937:800)
[2020-02-15 23:06:57.995] [renderer1] [error] TreeError [MarkersView] Tree element not found: [object Object]: Error: TreeError [MarkersView] Tree element not found: [object Object]
    at t.ObjectTreeModel.getElementLocation (file:///snap/code/25/usr/share/code/resources/app/out/vs/workbench/workbench.desktop.main.js:135:14)
    at t.ObjectTreeModel.isCollapsed (file:///snap/code/25/usr/share/code/resources/app/out/vs/workbench/workbench.desktop.main.js:134:122)
    at H.isCollapsed (file:///snap/code/25/usr/share/code/resources/app/out/vs/workbench/workbench.desktop.main.js:1070:430)
    at K.autoReveal (file:///snap/code/25/usr/share/code/resources/app/out/vs/workbench/workbench.desktop.main.js:6311:830)
    at K.onActiveEditorChanged (file:///snap/code/25/usr/share/code/resources/app/out/vs/workbench/workbench.desktop.main.js:6308:1005)
    at file:///snap/code/25/usr/share/code/resources/app/out/vs/workbench/workbench.desktop.main.js:6307:862
    at file:///snap/code/25/usr/share/code/resources/app/out/vs/workbench/workbench.desktop.main.js:113:203
    at c.fire (file:///snap/code/25/usr/share/code/resources/app/out/vs/workbench/workbench.desktop.main.js:116:845)
    at e.doHandleActiveEditorChangeEvent (file:///snap/code/25/usr/share/code/resources/app/out/vs/workbench/workbench.desktop.main.js:5780:290)
    at e.handleActiveEditorChange (file:///snap/code/25/usr/share/code/resources/app/out/vs/workbench/workbench.desktop.main.js:5780:88)
    at file:///snap/code/25/usr/share/code/resources/app/out/vs/workbench/workbench.desktop.main.js:5780:400
    at c.fire (file:///snap/code/25/usr/share/code/resources/app/out/vs/workbench/workbench.desktop.main.js:116:845)
    at file:///snap/code/25/usr/share/code/resources/app/out/vs/workbench/workbench.desktop.main.js:5938:990
    at async e.openEditor (file:///snap/code/25/usr/share/code/resources/app/out/vs/workbench/workbench.desktop.main.js:5937:800)
